<?xml version="1.0" encoding="UTF-8" ?>
<testsuite errors="1" failures="0" hostname="parlomba2" name="se.liu.ida.tdp024.account.logic.test.util.AccountLoggerMock" skipped="0" tests="1" time="0.082" timestamp="2016-10-20T16:53:11">
  <properties>
[...]
</properties>
  <testcase classname="se.liu.ida.tdp024.account.logic.test.util.AccountLoggerMock" name="initializationError" time="0.019">
    <error message="No runnable methods" type="java.lang.Exception">java.lang.Exception: No runnable methods
	at java.lang.reflect.Constructor.newInstance(Constructor.java:526)
</error>
  </testcase>
  <system-out><![CDATA[]]></system-out>
  <system-err><![CDATA[]]></system-err>
</testsuite>
