<?xml version="1.0" encoding="UTF-8" ?>
<testsuite errors="0" failures="0" hostname="parlomba4" name="tdp024.account.rest.service.AccountServiceTest" skipped="0" tests="15" time="9.603" timestamp="2016-10-20T14:48:29">
  <properties>
[...]
</properties>
  <testcase classname="tdp024.account.rest.service.AccountServiceTest" name="testMultipleTransactionsOverdraft" time="3.704" />
  <testcase classname="tdp024.account.rest.service.AccountServiceTest" name="testFindTransactions" time="1.762" />
  <testcase classname="tdp024.account.rest.service.AccountServiceTest" name="testFindNoTransactions" time="0.282" />
  <testcase classname="tdp024.account.rest.service.AccountServiceTest" name="testCreateInvalidPerson" time="0.007" />
  <testcase classname="tdp024.account.rest.service.AccountServiceTest" name="testValidCredit" time="1.223" />
  <testcase classname="tdp024.account.rest.service.AccountServiceTest" name="testInvalidCredit" time="1.225" />
  <testcase classname="tdp024.account.rest.service.AccountServiceTest" name="testFindAccounts" time="0.173" />
  <testcase classname="tdp024.account.rest.service.AccountServiceTest" name="testFindNoAccounts" time="0.172" />
  <testcase classname="tdp024.account.rest.service.AccountServiceTest" name="testFindNoPerson" time="0.003" />
  <testcase classname="tdp024.account.rest.service.AccountServiceTest" name="testCreate" time="0.17" />
  <testcase classname="tdp024.account.rest.service.AccountServiceTest" name="testCreateInvalidType" time="0.013" />
  <testcase classname="tdp024.account.rest.service.AccountServiceTest" name="testCreateInvalidBank" time="0.01" />
  <testcase classname="tdp024.account.rest.service.AccountServiceTest" name="testValidDebit" time="0.187" />
  <testcase classname="tdp024.account.rest.service.AccountServiceTest" name="testInvalidDebit" time="0.178" />
  <testcase classname="tdp024.account.rest.service.AccountServiceTest" name="testOverdraftDebit" time="0.332" />
  <system-out><![CDATA[[EL Info]: 2016-10-20 16:48:31.756--ServerSession(1302889583)--EclipseLink, version: Eclipse Persistence Services - 2.3.0.v20110604-r9504
[EL Info]: 2016-10-20 16:48:33.047--ServerSession(1302889583)--file:/home/frejo105/Kurser/TDP024/java/account-data-impl-db/build/classes/_account-dataPU login successful
[EL Warning]: 2016-10-20 16:48:33.283--ServerSession(1302889583)--Exception [EclipseLink-4002] (Eclipse Persistence Services - 2.3.0.v20110604-r9504): org.eclipse.persistence.exceptions.DatabaseException
Internal Exception: java.sql.SQLSyntaxErrorException: 'ALTER TABLE' cannot be performed on 'TRANSACTIONDB' because it does not exist.
Error Code: 30000
Call: ALTER TABLE TRANSACTIONDB DROP CONSTRAINT TRNSACTIONDBCCNTID
Query: DataModifyQuery(sql="ALTER TABLE TRANSACTIONDB DROP CONSTRAINT TRNSACTIONDBCCNTID")
[EL Warning]: 2016-10-20 16:48:33.287--ServerSession(1302889583)--Exception [EclipseLink-4002] (Eclipse Persistence Services - 2.3.0.v20110604-r9504): org.eclipse.persistence.exceptions.DatabaseException
Internal Exception: java.sql.SQLSyntaxErrorException: 'DROP TABLE' cannot be performed on 'ACCOUNTDB' because it does not exist.
Error Code: 30000
Call: DROP TABLE ACCOUNTDB
Query: DataModifyQuery(sql="DROP TABLE ACCOUNTDB")
[EL Warning]: 2016-10-20 16:48:33.346--ServerSession(1302889583)--Exception [EclipseLink-4002] (Eclipse Persistence Services - 2.3.0.v20110604-r9504): org.eclipse.persistence.exceptions.DatabaseException
Internal Exception: java.sql.SQLSyntaxErrorException: 'DROP TABLE' cannot be performed on 'TRANSACTIONDB' because it does not exist.
Error Code: 30000
Call: DROP TABLE TRANSACTIONDB
Query: DataModifyQuery(sql="DROP TABLE TRANSACTIONDB")
[EL Info]: 2016-10-20 16:48:33.745--ServerSession(1302889583)--file:/home/frejo105/Kurser/TDP024/java/account-data-impl-db/build/classes/_account-dataPU logout successful
[EL Info]: 2016-10-20 16:48:34.815--ServerSession(1872182342)--EclipseLink, version: Eclipse Persistence Services - 2.3.0.v20110604-r9504
[EL Info]: 2016-10-20 16:48:34.826--ServerSession(1872182342)--file:/home/frejo105/Kurser/TDP024/java/account-data-impl-db/build/classes/_account-dataPU login successful
[EL Info]: 2016-10-20 16:48:35.514--ServerSession(1872182342)--file:/home/frejo105/Kurser/TDP024/java/account-data-impl-db/build/classes/_account-dataPU logout successful
[EL Info]: 2016-10-20 16:48:35.548--ServerSession(2101869995)--EclipseLink, version: Eclipse Persistence Services - 2.3.0.v20110604-r9504
[EL Info]: 2016-10-20 16:48:35.554--ServerSession(2101869995)--file:/home/frejo105/Kurser/TDP024/java/account-data-impl-db/build/classes/_account-dataPU login successful
[EL Info]: 2016-10-20 16:48:35.798--ServerSession(2101869995)--file:/home/frejo105/Kurser/TDP024/java/account-data-impl-db/build/classes/_account-dataPU logout successful
[EL Info]: 2016-10-20 16:48:36.858--ServerSession(1038350828)--EclipseLink, version: Eclipse Persistence Services - 2.3.0.v20110604-r9504
[EL Info]: 2016-10-20 16:48:36.867--ServerSession(1038350828)--file:/home/frejo105/Kurser/TDP024/java/account-data-impl-db/build/classes/_account-dataPU login successful
[EL Info]: 2016-10-20 16:48:37.032--ServerSession(1038350828)--file:/home/frejo105/Kurser/TDP024/java/account-data-impl-db/build/classes/_account-dataPU logout successful
[EL Info]: 2016-10-20 16:48:38.086--ServerSession(220343918)--EclipseLink, version: Eclipse Persistence Services - 2.3.0.v20110604-r9504
[EL Info]: 2016-10-20 16:48:38.093--ServerSession(220343918)--file:/home/frejo105/Kurser/TDP024/java/account-data-impl-db/build/classes/_account-dataPU login successful
[EL Info]: 2016-10-20 16:48:38.26--ServerSession(220343918)--file:/home/frejo105/Kurser/TDP024/java/account-data-impl-db/build/classes/_account-dataPU logout successful
[EL Info]: 2016-10-20 16:48:38.305--ServerSession(1759752969)--EclipseLink, version: Eclipse Persistence Services - 2.3.0.v20110604-r9504
[EL Info]: 2016-10-20 16:48:38.31--ServerSession(1759752969)--file:/home/frejo105/Kurser/TDP024/java/account-data-impl-db/build/classes/_account-dataPU login successful
[EL Info]: 2016-10-20 16:48:38.436--ServerSession(1759752969)--file:/home/frejo105/Kurser/TDP024/java/account-data-impl-db/build/classes/_account-dataPU logout successful
[EL Info]: 2016-10-20 16:48:38.484--ServerSession(1933467576)--EclipseLink, version: Eclipse Persistence Services - 2.3.0.v20110604-r9504
[EL Info]: 2016-10-20 16:48:38.491--ServerSession(1933467576)--file:/home/frejo105/Kurser/TDP024/java/account-data-impl-db/build/classes/_account-dataPU login successful
[EL Info]: 2016-10-20 16:48:38.615--ServerSession(1933467576)--file:/home/frejo105/Kurser/TDP024/java/account-data-impl-db/build/classes/_account-dataPU logout successful
[EL Info]: 2016-10-20 16:48:38.667--ServerSession(672321871)--EclipseLink, version: Eclipse Persistence Services - 2.3.0.v20110604-r9504
[EL Info]: 2016-10-20 16:48:38.674--ServerSession(672321871)--file:/home/frejo105/Kurser/TDP024/java/account-data-impl-db/build/classes/_account-dataPU login successful
[EL Info]: 2016-10-20 16:48:38.794--ServerSession(672321871)--file:/home/frejo105/Kurser/TDP024/java/account-data-impl-db/build/classes/_account-dataPU logout successful
[EL Info]: 2016-10-20 16:48:38.862--ServerSession(2119539913)--EclipseLink, version: Eclipse Persistence Services - 2.3.0.v20110604-r9504
[EL Info]: 2016-10-20 16:48:38.868--ServerSession(2119539913)--file:/home/frejo105/Kurser/TDP024/java/account-data-impl-db/build/classes/_account-dataPU login successful
[EL Info]: 2016-10-20 16:48:39.013--ServerSession(2119539913)--file:/home/frejo105/Kurser/TDP024/java/account-data-impl-db/build/classes/_account-dataPU logout successful
[EL Info]: 2016-10-20 16:48:39.053--ServerSession(309669756)--EclipseLink, version: Eclipse Persistence Services - 2.3.0.v20110604-r9504
[EL Info]: 2016-10-20 16:48:39.059--ServerSession(309669756)--file:/home/frejo105/Kurser/TDP024/java/account-data-impl-db/build/classes/_account-dataPU login successful
[EL Info]: 2016-10-20 16:48:39.193--ServerSession(309669756)--file:/home/frejo105/Kurser/TDP024/java/account-data-impl-db/build/classes/_account-dataPU logout successful
[EL Info]: 2016-10-20 16:48:39.23--ServerSession(1026137706)--EclipseLink, version: Eclipse Persistence Services - 2.3.0.v20110604-r9504
[EL Info]: 2016-10-20 16:48:39.235--ServerSession(1026137706)--file:/home/frejo105/Kurser/TDP024/java/account-data-impl-db/build/classes/_account-dataPU login successful
[EL Info]: 2016-10-20 16:48:39.529--ServerSession(1026137706)--file:/home/frejo105/Kurser/TDP024/java/account-data-impl-db/build/classes/_account-dataPU logout successful
]]></system-out>
  <system-err><![CDATA[]]></system-err>
</testsuite>
